TN:
SF:src/modules/appointments/services/CreateAppointmentService.ts
FN:22,(anonymous_5)
FN:33,(anonymous_6)
FNF:2
FNH:2
FNDA:5,(anonymous_5)
FNDA:7,(anonymous_6)
DA:3,1
DA:5,1
DA:7,1
DA:21,1
DA:24,5
DA:27,5
DA:30,5
DA:38,7
DA:40,7
DA:41,4
DA:44,3
DA:45,0
DA:48,3
DA:49,0
DA:51,3
DA:57,3
DA:58,1
DA:61,2
DA:67,2
DA:69,2
DA:74,2
DA:81,2
DA:85,1
LF:23
LH:21
BRDA:40,0,0,4
BRDA:40,0,1,3
BRDA:44,1,0,0
BRDA:44,1,1,3
BRDA:48,2,0,0
BRDA:48,2,1,3
BRDA:48,3,0,3
BRDA:48,3,1,3
BRDA:57,4,0,1
BRDA:57,4,1,2
BRF:10
BRH:8
end_of_record
TN:
SF:src/modules/appointments/services/ListProviderAppointmentsService.ts
FN:17,(anonymous_4)
FN:25,(anonymous_5)
FNF:2
FNH:2
FNDA:1,(anonymous_4)
FNDA:1,(anonymous_5)
DA:2,1
DA:16,1
DA:19,1
DA:22,1
DA:31,1
DA:33,1
DA:37,1
DA:38,1
DA:47,1
DA:49,1
DA:52,1
DA:56,1
LF:12
LH:12
BRDA:37,0,0,1
BRDA:37,0,1,0
BRF:2
BRH:1
end_of_record
TN:
SF:src/modules/appointments/services/ListProviderDayAvailabilityService.ts
FN:22,(anonymous_4)
FN:27,(anonymous_5)
FN:46,(anonymous_6)
FN:51,(anonymous_7)
FN:53,(anonymous_8)
FNF:5
FNH:5
FNDA:1,(anonymous_4)
FNDA:1,(anonymous_5)
FNDA:10,(anonymous_6)
FNDA:10,(anonymous_7)
FNDA:19,(anonymous_8)
DA:3,1
DA:5,1
DA:21,1
DA:24,1
DA:33,1
DA:42,1
DA:44,1
DA:46,10
DA:49,1
DA:51,1
DA:52,10
DA:53,19
DA:56,10
DA:58,10
DA:64,1
DA:68,1
LF:16
LH:16
BRDA:60,0,0,10
BRDA:60,0,1,8
BRF:2
BRH:2
end_of_record
TN:
SF:src/modules/appointments/services/ListProviderMonthAvailabilityService.ts
FN:19,(anonymous_4)
FN:24,(anonymous_5)
FN:41,(anonymous_6)
FN:44,(anonymous_7)
FN:47,(anonymous_8)
FNF:5
FNH:5
FNDA:1,(anonymous_4)
FNDA:1,(anonymous_5)
FNDA:30,(anonymous_6)
FNDA:30,(anonymous_7)
FNDA:330,(anonymous_8)
DA:1,1
DA:2,1
DA:18,1
DA:21,1
DA:29,1
DA:37,1
DA:39,1
DA:41,30
DA:44,1
DA:45,30
DA:47,30
DA:48,330
DA:51,30
DA:58,1
DA:62,1
LF:15
LH:15
BRDA:54,0,0,30
BRDA:54,0,1,30
BRF:2
BRH:2
end_of_record
TN:
SF:src/modules/appointments/services/ListProvidersService.ts
FN:15,(anonymous_4)
FN:23,(anonymous_5)
FNF:2
FNH:2
FNDA:1,(anonymous_4)
FNDA:1,(anonymous_5)
DA:4,1
DA:14,1
DA:17,1
DA:20,1
DA:24,1
DA:28,1
DA:29,1
DA:33,1
DA:35,1
DA:38,1
DA:42,1
LF:11
LH:11
BRDA:28,0,0,1
BRDA:28,0,1,0
BRF:2
BRH:1
end_of_record
TN:
SF:src/modules/users/services/AuthenticateUserService.ts
FN:24,(anonymous_5)
FN:32,(anonymous_6)
FNF:2
FNH:2
FNDA:3,(anonymous_5)
FNDA:3,(anonymous_6)
DA:2,1
DA:3,1
DA:5,1
DA:7,1
DA:23,1
DA:26,3
DA:29,3
DA:33,3
DA:35,3
DA:36,1
DA:39,2
DA:44,2
DA:45,1
DA:48,1
DA:50,1
DA:55,1
DA:62,1
LF:17
LH:17
BRDA:35,0,0,1
BRDA:35,0,1,2
BRDA:44,1,0,1
BRDA:44,1,1,1
BRF:4
BRH:4
end_of_record
TN:
SF:src/modules/users/services/CreateUserService.ts
FN:20,(anonymous_5)
FN:31,(anonymous_6)
FNF:2
FNH:2
FNDA:2,(anonymous_5)
FNDA:3,(anonymous_6)
DA:4,1
DA:6,1
DA:19,1
DA:22,2
DA:25,2
DA:28,2
DA:32,3
DA:34,3
DA:35,1
DA:38,2
DA:40,2
DA:46,2
DA:48,2
DA:52,1
LF:14
LH:14
BRDA:34,0,0,1
BRDA:34,0,1,2
BRF:2
BRH:2
end_of_record
TN:
SF:src/modules/users/services/ResetPasswordService.ts
FN:19,(anonymous_5)
FN:30,(anonymous_6)
FNF:2
FNH:2
FNDA:4,(anonymous_5)
FNDA:4,(anonymous_6)
DA:3,1
DA:5,1
DA:6,1
DA:18,1
DA:21,4
DA:24,4
DA:27,4
DA:31,4
DA:33,4
DA:34,1
DA:37,3
DA:39,3
DA:40,1
DA:43,2
DA:44,2
DA:46,2
DA:47,1
DA:50,1
DA:52,1
DA:56,1
LF:20
LH:20
BRDA:33,0,0,1
BRDA:33,0,1,3
BRDA:39,1,0,1
BRDA:39,1,1,2
BRDA:46,2,0,1
BRDA:46,2,1,1
BRF:6
BRH:6
end_of_record
TN:
SF:src/modules/users/services/SendForgotPasswordEmailService.ts
FN:17,(anonymous_5)
FN:28,(anonymous_6)
FN:46,(anonymous_7)
FNF:3
FNH:3
FNDA:3,(anonymous_5)
FNDA:3,(anonymous_6)
FNDA:2,(anonymous_7)
DA:3,1
DA:4,1
DA:7,1
DA:16,1
DA:19,3
DA:22,3
DA:25,3
DA:29,3
DA:31,3
DA:32,1
DA:35,2
DA:37,2
DA:44,2
DA:46,2
DA:48,2
DA:65,1
LF:16
LH:16
BRDA:31,0,0,1
BRDA:31,0,1,2
BRF:2
BRH:2
end_of_record
TN:
SF:src/modules/users/services/ShowProfileService.ts
FN:15,(anonymous_5)
FN:20,(anonymous_6)
FNF:2
FNH:2
FNDA:2,(anonymous_5)
FNDA:2,(anonymous_6)
DA:4,1
DA:5,1
DA:14,1
DA:17,2
DA:21,2
DA:23,2
DA:24,1
DA:27,1
DA:31,1
LF:9
LH:9
BRDA:23,0,0,1
BRDA:23,0,1,1
BRF:2
BRH:2
end_of_record
TN:
SF:src/modules/users/services/UpdateProfileService.ts
FN:20,(anonymous_5)
FN:28,(anonymous_6)
FNF:2
FNH:2
FNDA:6,(anonymous_5)
FNDA:6,(anonymous_6)
DA:4,1
DA:5,1
DA:19,1
DA:22,6
DA:25,6
DA:35,6
DA:37,6
DA:38,1
DA:41,5
DA:43,5
DA:44,1
DA:47,4
DA:48,4
DA:50,4
DA:51,1
DA:56,3
DA:57,2
DA:62,2
DA:63,1
DA:66,1
DA:69,2
DA:73,1
LF:22
LH:22
BRDA:37,0,0,1
BRDA:37,0,1,5
BRDA:43,1,0,1
BRDA:43,1,1,4
BRDA:43,2,0,5
BRDA:43,2,1,2
BRDA:50,3,0,1
BRDA:50,3,1,3
BRDA:50,4,0,4
BRDA:50,4,1,3
BRDA:56,5,0,2
BRDA:56,5,1,1
BRDA:56,6,0,3
BRDA:56,6,1,2
BRDA:62,7,0,1
BRDA:62,7,1,1
BRF:16
BRH:16
end_of_record
TN:
SF:src/modules/users/services/UpdateUserAvatarService.ts
FN:18,(anonymous_5)
FN:26,(anonymous_6)
FNF:2
FNH:2
FNDA:3,(anonymous_5)
FNDA:4,(anonymous_6)
DA:4,1
DA:6,1
DA:17,1
DA:20,3
DA:23,3
DA:27,4
DA:29,4
DA:30,1
DA:33,3
DA:34,1
DA:37,3
DA:39,3
DA:41,3
DA:43,3
DA:47,1
LF:15
LH:15
BRDA:29,0,0,1
BRDA:29,0,1,3
BRDA:33,1,0,1
BRDA:33,1,1,2
BRF:4
BRH:4
end_of_record
